<?xml version="1.0" encoding="UTF-8"?>
<!-- Generated by org.testng.reporters.JUnitXMLReporter -->
<testsuite ignored="1" hostname="DESKTOP-CBAH624" failures="0" tests="1" name="Default test" time="19.278" errors="0" timestamp="20 Nov 2024 15:59:25 GMT">
  <testcase classname="com.OrangeHRM.TestCases.DashBoardTest" name="panelListCheck" time="2.135"/>
  <testcase classname="com.OrangeHRM.TestCases.DashBoardTest" name="PanelLinkChecks" time="0.0">
    <ignored/>
  </testcase> <!-- PanelLinkChecks -->
</testsuite> <!-- Default test -->
