<?xml version="1.0" encoding="UTF-8"?>
<!-- Generated by org.testng.reporters.JUnitXMLReporter -->
<testsuite ignored="0" hostname="DESKTOP-CBAH624" failures="0" tests="3" name="Test" time="44.912" errors="0" timestamp="20 Nov 2024 13:42:46 GMT">
  <testcase classname="com.OrangeHRM.TestCases.DashBoardTest" name="PanelLinkChecks" time="0.0">
    <skipped/>
  </testcase> <!-- PanelLinkChecks -->
  <testcase classname="com.OrangeHRM.TestCases.DashBoardTest" name="panelListCheck" time="2.235"/>
  <testcase classname="com.OrangeHRM.TestCases.RecuritmentPageTest" name="JobTitleRecuritment" time="11.51"/>
</testsuite> <!-- Test -->
