<?xml version="1.0" encoding="UTF-8"?>
<testng-results ignored="1" total="2" passed="1" failed="0" skipped="0">
  <reporter-output>
  </reporter-output>
  <suite started-at="2024-11-20T15:59:05Z" name="Default suite" finished-at="2024-11-20T15:59:24Z" duration-ms="19278">
    <groups>
      <group name="Sanity">
        <method signature="DashBoardTest.panelListCheck()[pri:0, instance:com.OrangeHRM.TestCases.DashBoardTest@31add175]" name="panelListCheck" class="com.OrangeHRM.TestCases.DashBoardTest"/>
      </group> <!-- Sanity -->
    </groups>
    <test started-at="2024-11-20T15:59:05Z" name="Default test" finished-at="2024-11-20T15:59:24Z" duration-ms="19278">
      <class name="com.OrangeHRM.TestCases.DashBoardTest">
        <test-method is-config="true" signature="InitializeDriver()[pri:0, instance:com.OrangeHRM.TestCases.DashBoardTest@31add175]" started-at="2024-11-20T15:59:05Z" name="InitializeDriver" finished-at="2024-11-20T15:59:22Z" duration-ms="17097" status="PASS">
          <reporter-output>
          </reporter-output>
        </test-method> <!-- InitializeDriver -->
        <test-method signature="panelListCheck()[pri:0, instance:com.OrangeHRM.TestCases.DashBoardTest@31add175]" started-at="2024-11-20T15:59:22Z" name="panelListCheck" description="This test case will check panel list" finished-at="2024-11-20T15:59:24Z" duration-ms="2135" status="PASS">
          <reporter-output>
          </reporter-output>
        </test-method> <!-- panelListCheck -->
        <test-method is-config="true" signature="teardown()[pri:0, instance:com.OrangeHRM.TestCases.DashBoardTest@31add175]" started-at="2024-11-20T15:59:24Z" name="teardown" finished-at="2024-11-20T15:59:24Z" duration-ms="0" status="PASS">
          <reporter-output>
          </reporter-output>
        </test-method> <!-- teardown -->
      </class> <!-- com.OrangeHRM.TestCases.DashBoardTest -->
    </test> <!-- Default test -->
  </suite> <!-- Default suite -->
</testng-results>
